<?xml version="1.0" encoding="UTF-8"?>
<!-- Generated by org.testng.reporters.JUnitXMLReporter -->
<testsuite ignored="0" hostname="DESKTOP-0MSDR45" failures="1" tests="3" name="Test" time="0.243" errors="0" timestamp="2022-03-01T11:09:21 IST">
  <testcase classname="com.javaProgram.selenium.Evaluating_Test_Cases" name="Launch" time="0.118">
    <failure type="java.lang.IllegalStateException" message="The driver executable does not exist: C:\Users\Ankita\eclipse-workspace\Phase5-assisted-project\.\Resources\chromedriver.exe">
      <![CDATA[java.lang.IllegalStateException: The driver executable does not exist: C:\Users\Ankita\eclipse-workspace\Phase5-assisted-project\.\Resources\chromedriver.exe
at com.google.common.base.Preconditions.checkState(Preconditions.java:534)
at org.openqa.selenium.remote.service.DriverService.checkExecutable(DriverService.java:136)
at org.openqa.selenium.remote.service.DriverService.findExecutable(DriverService.java:131)
at org.openqa.selenium.chrome.ChromeDriverService.access$000(ChromeDriverService.java:32)
at org.openqa.selenium.chrome.ChromeDriverService$Builder.findDefaultExecutable(ChromeDriverService.java:137)
at org.openqa.selenium.remote.service.DriverService$Builder.build(DriverService.java:329)
at org.openqa.selenium.chrome.ChromeDriverService.createDefaultService(ChromeDriverService.java:88)
at org.openqa.selenium.chrome.ChromeDriver.<init>(ChromeDriver.java:124)
at com.javaProgram.selenium.Evaluating_Test_Cases.Launch(Evaluating_Test_Cases.java:18)
at java.base/java.util.ArrayList.forEach(ArrayList.java:1511)
... Removed 27 stack frames]]>
    </failure>
  </testcase> <!-- Launch -->
  <testcase classname="com.javaProgram.selenium.Evaluating_Test_Cases" name="Facebook" time="0.001">
    <skipped/>
  </testcase> <!-- Facebook -->
  <testcase classname="com.javaProgram.selenium.Evaluating_Test_Cases" name="Login" time="0.0">
    <skipped/>
  </testcase> <!-- Login -->
</testsuite> <!-- Test -->
